#
# There is insufficient memory for the Java Runtime Environment to continue.
# Native memory allocation (mmap) failed to map 132120576 bytes. Error detail: G1 virtual space
# Possible reasons:
#   The system is out of physical RAM or swap space
#   This process is running with CompressedOops enabled, and the Java Heap may be blocking the growth of the native heap
# Possible solutions:
#   Reduce memory load on the system
#   Increase physical memory or swap space
#   Check if swap backing store is full
#   Decrease Java heap size (-Xmx/-Xms)
#   Decrease number of Java threads
#   Decrease Java thread stack sizes (-Xss)
#   Set larger code cache with -XX:ReservedCodeCacheSize=
#   JVM is running with Unscaled Compressed Oops mode in which the Java heap is
#     placed in the first 4GB address space. The Java Heap base address is the
#     maximum limit for the native heap growth. Please use -XX:HeapBaseMinAddress
#     to set the Java Heap base and to place the Java Heap above 4GB virtual address.
# This output file may be truncated or incomplete.
#
#  Out of Memory Error (os_windows.cpp:3603), pid=24512, tid=11292
#
# JRE version:  (21.0.3+9) (build )
# Java VM: OpenJDK 64-Bit Server VM (21.0.3+9-LTS, mixed mode, sharing, tiered, compressed oops, compressed class ptrs, g1 gc, windows-amd64)
# No core dump will be written. Minidumps are not enabled by default on client versions of Windows
#

---------------  S U M M A R Y ------------

Command Line: C:\Users\Belen Aedo\AppData\Local\Temp\surefire8537806538749600866\surefirebooter-20250709140031843_3.jar C:\Users\Belen Aedo\AppData\Local\Temp\surefire8537806538749600866 2025-07-09T14-00-31_502-jvmRun1 surefire-20250709140031843_1tmp surefire_0-20250709140031843_2tmp

Host: Intel(R) Core(TM) i5-10300H CPU @ 2.50GHz, 8 cores, 7G,  Windows 10 , 64 bit Build 19041 (10.0.19041.5915)
Time: Wed Jul  9 14:00:32 2025 Hora est. Sudamérica Pacífico elapsed time: 0.014711 seconds (0d 0h 0m 0s)

---------------  T H R E A D  ---------------

Current thread (0x000001e6f5660020):  JavaThread "Unknown thread" [_thread_in_vm, id=11292, stack(0x0000003432f00000,0x0000003433000000) (1024K)]

Stack: [0x0000003432f00000,0x0000003433000000]
Native frames: (J=compiled Java code, j=interpreted, Vv=VM code, C=native code)
V  [jvm.dll+0x6d4fa9]
V  [jvm.dll+0x8b01c3]
V  [jvm.dll+0x8b251e]
V  [jvm.dll+0x8b2c03]
V  [jvm.dll+0x284fb6]
V  [jvm.dll+0x6d1775]
V  [jvm.dll+0x6c5eaa]
V  [jvm.dll+0x35bd0b]
V  [jvm.dll+0x3638b6]
V  [jvm.dll+0x3b4e46]
V  [jvm.dll+0x3b5118]
V  [jvm.dll+0x32f44c]
V  [jvm.dll+0x33013b]
V  [jvm.dll+0x8782b9]
V  [jvm.dll+0x3c2211]
V  [jvm.dll+0x8616e8]
V  [jvm.dll+0x45648e]
V  [jvm.dll+0x458001]
C  [jli.dll+0x52ab]
C  [ucrtbase.dll+0x21bb2]
C  [KERNEL32.DLL+0x17374]
C  [ntdll.dll+0x4cc91]


---------------  P R O C E S S  ---------------

Threads class SMR info:
_java_thread_list=0x00007ffd827fd008, length=0, elements={
}

Java Threads: ( => current thread )
Total: 0

Other Threads:
  0x000001e6f783cf70 WorkerThread "GC Thread#0"                     [id=31160, stack(0x0000003433000000,0x0000003433100000) (1024K)]
  0x000001e6f784e510 ConcurrentGCThread "G1 Main Marker"            [id=9428, stack(0x0000003433100000,0x0000003433200000) (1024K)]
  0x000001e6f784f7b0 WorkerThread "G1 Conc#0"                       [id=27084, stack(0x0000003433200000,0x0000003433300000) (1024K)]

[error occurred during error reporting (printing all threads), id 0xc0000005, EXCEPTION_ACCESS_VIOLATION (0xc0000005) at pc=0x00007ffd81f025a7]
VM state: not at safepoint (not fully initialized)

VM Mutex/Monitor currently owned by a thread:  ([mutex/lock_event])
[0x00007ffd828711c8] Heap_lock - owner thread: 0x000001e6f5660020

Heap address: 0x0000000082000000, size: 2016 MB, Compressed Oops mode: 32-bit

CDS archive(s) mapped at: [0x0000000000000000-0x0000000000000000-0x0000000000000000), size 0, SharedBaseAddress: 0x0000000800000000, ArchiveRelocationMode: 1.
Narrow klass base: 0x0000000000000000, Narrow klass shift: 0, Narrow klass range: 0x0

GC Precious Log:
 CardTable entry size: 512
 Card Set container configuration: InlinePtr #cards 5 size 8 Array Of Cards #cards 12 size 40 Howl #buckets 4 coarsen threshold 1843 Howl Bitmap #cards 512 size 80 coarsen threshold 460 Card regions per heap region 1 cards per card region 2048

Heap:
 garbage-first heap   total 0K, used 0K [0x0000000082000000, 0x0000000100000000)
  region size 1024K, 0 young (0K), 0 survivors (0K)

[error occurred during error reporting (printing heap information), id 0xc0000005, EXCEPTION_ACCESS_VIOLATION (0xc0000005) at pc=0x00007ffd822ee919]
GC Heap History (0 events):
No events

Dll operation events (1 events):
Event: 0.009 Loaded shared library C:\Users\Belen Aedo\.jdks\corretto-21.0.3\bin\java.dll

Deoptimization events (0 events):
No events

Classes loaded (0 events):
No events

Classes unloaded (0 events):
No events

Classes redefined (0 events):
No events

Internal exceptions (0 events):
No events

ZGC Phase Switch (0 events):
No events

VM Operations (0 events):
No events

Events (0 events):
No events


Dynamic libraries:
0x00007ff7673d0000 - 0x00007ff7673de000 	C:\Users\Belen Aedo\.jdks\corretto-21.0.3\bin\java.exe
0x00007ffdae570000 - 0x00007ffdae768000 	C:\Windows\SYSTEM32\ntdll.dll
0x00007ffdad920000 - 0x00007ffdad9e2000 	C:\Windows\System32\KERNEL32.DLL
0x00007ffdabc00000 - 0x00007ffdabef6000 	C:\Windows\System32\KERNELBASE.dll
0x00007ffdac3c0000 - 0x00007ffdac4c0000 	C:\Windows\System32\ucrtbase.dll
0x00007ffd82b20000 - 0x00007ffd82b38000 	C:\Users\Belen Aedo\.jdks\corretto-21.0.3\bin\jli.dll
0x00007ffd82b00000 - 0x00007ffd82b1b000 	C:\Users\Belen Aedo\.jdks\corretto-21.0.3\bin\VCRUNTIME140.dll
0x00007ffdae280000 - 0x00007ffdae41d000 	C:\Windows\System32\USER32.dll
0x00007ffdaafa0000 - 0x00007ffdab23a000 	C:\Windows\WinSxS\amd64_microsoft.windows.common-controls_6595b64144ccf1df_6.0.19041.5915_none_60b4b9d171f9c7c7\COMCTL32.dll
0x00007ffdadfa0000 - 0x00007ffdae03e000 	C:\Windows\System32\msvcrt.dll
0x00007ffdac560000 - 0x00007ffdac582000 	C:\Windows\System32\win32u.dll
0x00007ffdae120000 - 0x00007ffdae14b000 	C:\Windows\System32\GDI32.dll
0x00007ffdac120000 - 0x00007ffdac239000 	C:\Windows\System32\gdi32full.dll
0x00007ffdac4c0000 - 0x00007ffdac55d000 	C:\Windows\System32\msvcp_win.dll
0x00007ffdae4a0000 - 0x00007ffdae4cf000 	C:\Windows\System32\IMM32.DLL
0x00007ffd82ae0000 - 0x00007ffd82aec000 	C:\Users\Belen Aedo\.jdks\corretto-21.0.3\bin\vcruntime140_1.dll
0x00007ffd82990000 - 0x00007ffd82a1d000 	C:\Users\Belen Aedo\.jdks\corretto-21.0.3\bin\msvcp140.dll
0x00007ffd81bc0000 - 0x00007ffd82951000 	C:\Users\Belen Aedo\.jdks\corretto-21.0.3\bin\server\jvm.dll
0x00007ffdac590000 - 0x00007ffdac641000 	C:\Windows\System32\ADVAPI32.dll
0x00007ffdadf00000 - 0x00007ffdadf9f000 	C:\Windows\System32\sechost.dll
0x00007ffdae150000 - 0x00007ffdae273000 	C:\Windows\System32\RPCRT4.dll
0x00007ffdabf00000 - 0x00007ffdabf27000 	C:\Windows\System32\bcrypt.dll
0x00007ffdad8b0000 - 0x00007ffdad91b000 	C:\Windows\System32\WS2_32.dll
0x00007ffdab7f0000 - 0x00007ffdab83b000 	C:\Windows\SYSTEM32\POWRPROF.dll
0x00007ffda8350000 - 0x00007ffda835a000 	C:\Windows\SYSTEM32\VERSION.dll
0x00007ffd97530000 - 0x00007ffd97557000 	C:\Windows\SYSTEM32\WINMM.dll
0x00007ffdab330000 - 0x00007ffdab342000 	C:\Windows\SYSTEM32\UMPDC.dll
0x00007ffda96b0000 - 0x00007ffda96c2000 	C:\Windows\SYSTEM32\kernel.appcore.dll
0x00007ffd81340000 - 0x00007ffd8134a000 	C:\Users\Belen Aedo\.jdks\corretto-21.0.3\bin\jimage.dll
0x00007ffdab5e0000 - 0x00007ffdab7e1000 	C:\Windows\SYSTEM32\DBGHELP.DLL
0x00007ffdab520000 - 0x00007ffdab554000 	C:\Windows\SYSTEM32\dbgcore.DLL
0x00007ffdabf30000 - 0x00007ffdabfb2000 	C:\Windows\System32\bcryptPrimitives.dll
0x00007ffd80910000 - 0x00007ffd8092f000 	C:\Users\Belen Aedo\.jdks\corretto-21.0.3\bin\java.dll

dbghelp: loaded successfully - version: 4.0.5 - missing functions: none
symbol engine: initialized successfully - sym options: 0x614 - pdb path: .;C:\Users\Belen Aedo\.jdks\corretto-21.0.3\bin;C:\Windows\SYSTEM32;C:\Windows\WinSxS\amd64_microsoft.windows.common-controls_6595b64144ccf1df_6.0.19041.5915_none_60b4b9d171f9c7c7;C:\Users\Belen Aedo\.jdks\corretto-21.0.3\bin\server

VM Arguments:
java_command: C:\Users\Belen Aedo\AppData\Local\Temp\surefire8537806538749600866\surefirebooter-20250709140031843_3.jar C:\Users\Belen Aedo\AppData\Local\Temp\surefire8537806538749600866 2025-07-09T14-00-31_502-jvmRun1 surefire-20250709140031843_1tmp surefire_0-20250709140031843_2tmp
java_class_path (initial): C:\Users\Belen Aedo\AppData\Local\Temp\surefire8537806538749600866\surefirebooter-20250709140031843_3.jar
Launcher Type: SUN_STANDARD

[Global flags]
     intx CICompilerCount                          = 4                                         {product} {ergonomic}
     uint ConcGCThreads                            = 2                                         {product} {ergonomic}
     uint G1ConcRefinementThreads                  = 8                                         {product} {ergonomic}
   size_t G1HeapRegionSize                         = 1048576                                   {product} {ergonomic}
    uintx GCDrainStackTargetSize                   = 64                                        {product} {ergonomic}
   size_t InitialHeapSize                          = 132120576                                 {product} {ergonomic}
   size_t MarkStackSize                            = 4194304                                   {product} {ergonomic}
   size_t MaxHeapSize                              = 2113929216                                {product} {ergonomic}
   size_t MinHeapDeltaBytes                        = 1048576                                   {product} {ergonomic}
   size_t MinHeapSize                              = 8388608                                   {product} {ergonomic}
    uintx NonNMethodCodeHeapSize                   = 5839372                                {pd product} {ergonomic}
    uintx NonProfiledCodeHeapSize                  = 122909434                              {pd product} {ergonomic}
    uintx ProfiledCodeHeapSize                     = 122909434                              {pd product} {ergonomic}
    uintx ReservedCodeCacheSize                    = 251658240                              {pd product} {ergonomic}
     bool SegmentedCodeCache                       = true                                      {product} {ergonomic}
   size_t SoftMaxHeapSize                          = 2113929216                             {manageable} {ergonomic}
     bool UseCompressedOops                        = true                           {product lp64_product} {ergonomic}
     bool UseG1GC                                  = true                                      {product} {ergonomic}
     bool UseLargePagesIndividualAllocation        = false                                  {pd product} {ergonomic}

Logging:
Log output configuration:
 #0: stdout all=warning uptime,level,tags foldmultilines=false
 #1: stderr all=off uptime,level,tags foldmultilines=false

Environment Variables:
JAVA_HOME=C:\Users\Belen Aedo\.jdks\corretto-21.0.3
PATH=C:\Users\Belen Aedo\.jdks\corretto-21.0.3\bin;C:\Program Files\Apache\Maven\apache-maven-3.9.9\bin;C:\Program Files\Python312\Scripts\;C:\Program Files\Python312\;C:\Windows\system32;C:\Windows;C:\Windows\System32\Wbem;C:\Windows\System32\WindowsPowerShell\v1.0\;C:\Windows\System32\OpenSSH\;C:\Program Files\nodejs\;C:\Program Files\Docker\Docker\resources\bin;C:\Program Files\Git\cmd;C:\Users\Belen Aedo\.jdks\corretto-21.0.3\bin;C:\Program Files\MySQL\MySQL Shell 8.0\bin\;C:\Users\Belen Aedo\AppData\Local\Programs\Python\Launcher\;C:\Users\Belen Aedo\AppData\Local\Microsoft\WindowsApps;C:\ProgramData\Belen Aedo\gitkraken\bin;C:\Users\Belen Aedo\AppData\Local\gitkraken\bin;C:\Users\Belen Aedo\AppData\Local\GitHubDesktop\bin;C:\Users\Belen Aedo\AppData\Local\JetBrains\IntelliJ IDEA 2024.1.3\bin;;C:\Users\Belen Aedo\AppData\Roaming\npm;C:\Users\Belen Aedo\AppData\Local\Programs\Microsoft VS Code\bin;
USERNAME=Belen Aedo
OS=Windows_NT
PROCESSOR_IDENTIFIER=Intel64 Family 6 Model 165 Stepping 2, GenuineIntel
TMP=C:\Users\BELENA~1\AppData\Local\Temp
TEMP=C:\Users\BELENA~1\AppData\Local\Temp




Periodic native trim disabled

---------------  S Y S T E M  ---------------

OS:
 Windows 10 , 64 bit Build 19041 (10.0.19041.5915)
OS uptime: 12 days 3:02 hours
Hyper-V role detected

CPU: total 8 (initial active 8) (4 cores per cpu, 2 threads per core) family 6 model 165 stepping 2 microcode 0xe2, cx8, cmov, fxsr, ht, mmx, 3dnowpref, sse, sse2, sse3, ssse3, sse4.1, sse4.2, popcnt, lzcnt, tsc, tscinvbit, avx, avx2, aes, erms, clmul, bmi1, bmi2, adx, fma, vzeroupper, clflush, clflushopt, hv, rdtscp, f16c
Processor Information for all 8 processors :
  Max Mhz: 2496, Current Mhz: 2496, Mhz Limit: 2496

Memory: 4k page, system-wide physical 8059M (166M free)
TotalPageFile size 32635M (AvailPageFile size 54M)
current process WorkingSet (physical memory assigned to process): 10M, peak: 10M
current process commit charge ("private bytes"): 60M, peak: 186M

vm_info: OpenJDK 64-Bit Server VM (21.0.3+9-LTS) for windows-amd64 JRE (21.0.3+9-LTS), built on 2024-04-10T19:10:39Z by "Administrator" with MS VC++ 16.10 / 16.11 (VS2019)

END.
